Build started at February 8, 2001 8:46:52 PM.
Calculating size of cabinet files...
The following files are missing from the file group link:
I:\execwin32.comm\fees.txt
I:\execwin32.comm\configur\32362e32.ecf
I:\execwin32.comm\configur\3842494d.ecf
I:\execwin32.comm\configur\3f3f3f3f.ecf
I:\execwin32.comm\configur\41443344.ecf
I:\execwin32.comm\configur\414f7163.ecf
I:\execwin32.comm\configur\41525435.ecf
I:\execwin32.comm\configur\41527c46.ecf
I:\execwin32.comm\configur\4154726e.ecf
I:\execwin32.comm\configur\4164426b.ecf
I:\execwin32.comm\configur\41706569.ecf
I:\execwin32.comm\configur\42454132.ecf
I:\execwin32.comm\configur\424f4c4f.ecf
I:\execwin32.comm\configur\426163d5.ecf
I:\execwin32.comm\configur\42646c6d.ecf
I:\execwin32.comm\configur\426e4871.ecf
I:\execwin32.comm\configur\43475246.ecf
I:\execwin32.comm\configur\43504354.ecf
I:\execwin32.comm\configur\4352534c.ecf
I:\execwin32.comm\configur\4354494d.ecf
I:\execwin32.comm\configur\43555341.ecf
I:\execwin32.comm\configur\43574c44.ecf
I:\execwin32.comm\configur\43595153.ecf
I:\execwin32.comm\configur\43764d4d.ecf
I:\execwin32.comm\configur\4444534b.ecf
I:\execwin32.comm\configur\44454c49.ecf
I:\execwin32.comm\configur\44494132.ecf
I:\execwin32.comm\configur\444f4c4c.ecf
I:\execwin32.comm\configur\44576174.ecf
I:\execwin32.comm\configur\44616e47.ecf
I:\execwin32.comm\configur\454a3035.ecf
I:\execwin32.comm\configur\45535041.ecf
I:\execwin32.comm\configur\455544c6.ecf
I:\execwin32.comm\configur\46424420.ecf
I:\execwin32.comm\configur\466c6974.ecf
I:\execwin32.comm\configur\46756e47.ecf
I:\execwin32.comm\configur\47436f6e.ecf
I:\execwin32.comm\configur\474f474f.ecf
I:\execwin32.comm\configur\47534361.ecf
I:\execwin32.comm\configur\47756e53.ecf
I:\execwin32.comm\configur\483444c6.ecf
I:\execwin32.comm\configur\48525630.ecf
I:\execwin32.comm\configur\48525631.ecf
I:\execwin32.comm\configur\48734c61.ecf
I:\execwin32.comm\configur\496d6167.ecf
I:\execwin32.comm\configur\4a4b5445.ecf
I:\execwin32.comm\configur\4a524735.ecf
I:\execwin32.comm\configur\4a70616b.ecf
I:\execwin32.comm\configur\4b705353.ecf
I:\execwin32.comm\configur\4c415a48.ecf
I:\execwin32.comm\configur\4c505243.ecf
I:\execwin32.comm\configur\4d427264.ecf
I:\execwin32.comm\configur\4d4b444e.ecf
I:\execwin32.comm\configur\4d4d4343.ecf
I:\execwin32.comm\configur\4d4d5042.ecf
I:\execwin32.comm\configur\4d504e54.ecf
I:\execwin32.comm\configur\4d535744.ecf
I:\execwin32.comm\configur\4d61656c.ecf
I:\execwin32.comm\configur\4d687a75.ecf
I:\execwin32.comm\configur\4d6f6c54.ecf
I:\execwin32.comm\configur\50217268.ecf
I:\execwin32.comm\configur\50474150.ecf
I:\execwin32.comm\configur\504c5073.ecf
I:\execwin32.comm\configur\504e4331.ecf
I:\execwin32.comm\configur\50505456.ecf
I:\execwin32.comm\configur\50566d74.ecf
I:\execwin32.comm\configur\50674c67.ecf
I:\execwin32.comm\configur\506fc450.ecf
I:\execwin32.comm\configur\50736f64.ecf
I:\execwin32.comm\configur\51444c58.ecf
I:\execwin32.comm\configur\522a6368.ecf
I:\execwin32.comm\configur\52415a5a.ecf
I:\execwin32.comm\configur\5249534b.ecf
I:\execwin32.comm\configur\524a4253.ecf
I:\execwin32.comm\configur\524c4d5a.ecf
I:\execwin32.comm\configur\52565253.ecf
I:\execwin32.comm\configur\526a3031.ecf
I:\execwin32.comm\configur\53414e54.ecf
I:\execwin32.comm\configur\53495421.ecf
I:\execwin32.comm\configur\53495478.ecf
I:\execwin32.comm\configur\534d4c53.ecf
I:\execwin32.comm\configur\53635246.ecf
I:\execwin32.comm\configur\5368537a.ecf
I:\execwin32.comm\configur\53704a4b.ecf
I:\execwin32.comm\configur\53706563.ecf
I:\execwin32.comm\configur\5370696e.ecf
I:\execwin32.comm\configur\54424235.ecf
I:\execwin32.comm\configur\54424236.ecf
I:\execwin32.comm\configur\544b4e4f.ecf
I:\execwin32.comm\configur\54745264.ecf
I:\execwin32.comm\configur\54775231.ecf
I:\execwin32.comm\configur\55505550.ecf
I:\execwin32.comm\configur\556c7433.ecf
I:\execwin32.comm\configur\57435345.ecf
I:\execwin32.comm\configur\574f4c46.ecf
I:\execwin32.comm\configur\57504332.ecf
I:\execwin32.comm\configur\5843454c.ecf
I:\execwin32.comm\configur\58505233.ecf
I:\execwin32.comm\configur\63417244.ecf
I:\execwin32.comm\configur\674f4c46.ecf
I:\execwin32.comm\configur\6c6f6733.ecf
I:\execwin32.comm\configur\6f7a6d35.ecf
I:\execwin32.comm\configur\72647020.ecf
I:\execwin32.comm\configur\72706db5.ecf
I:\execwin32.comm\configur\73506433.ecf
I:\execwin32.comm\configur\a78ea8a0.ecf
I:\execwin32.comm\configur\a7bfc2a2.ecf
I:\execwin32.comm\configur\ac7e5ea0.ecf
I:\execwin32.comm\configur\f5536b69.ecf
I:\execwin32.comm\configur\434c4144.ecf
I:\execwin32.comm\configur\4d917263.ecf
I:\execwin32.comm\configur\57494c44.ecf
I:\execwin32.comm\configur\424f424f.ecf
I:\execwin32.comm\configur\5354775a.ecf
I:\execwin32.comm\configur\45474144.ecf
I:\execwin32.comm\configur\494e5455.ecf
I:\execwin32.comm\configur\57696c64.ecf
I:\execwin32.comm\configur\41324d68.ecf
I:\execwin32.comm\configur\6b616a72.ecf
I:\execwin32.comm\configur\484c5832.ecf
Copying InstallShield engine files to Disk 1...
Building system cabinet file '_sys1.cab'...
Copying uncompressed setup files to Disk 1...
Building user cabinet file '_user1.cab'...
Building cabinet file 'data1.cab'...
Creating disk layout file 'layout.bin'...
Media 'CD-ROM' created successfully.
Build completed successfully at February 8, 2001 8:47:15 PM.
