Build started at May 12, 1999 5:50:46 PM.
Calculating size of cabinet files...
The following files are missing from the file group link:
I:\execwin32.comm\Apps\Demoware\%PowerGrade 2.3.5g
I:\execwin32.comm\Apps\Demoware\PowerGrade 2.3.5g\ Other Download Sites
I:\execwin32.comm\Apps\Demoware\PowerGrade 2.3.5g\% Other Download Sites
I:\execwin32.comm\Apps\Demoware\PowerGrade 2.3.5g\PowerGrade 2.3.5g Demo
I:\execwin32.comm\Apps\Demoware\PowerGrade 2.3.5g\%PowerGrade 2.3.5g Demo
I:\execwin32.comm\Apps\Demoware\PowerGrade 2.3.5g\PowerGrade Help
I:\execwin32.comm\Apps\Demoware\PowerGrade 2.3.5g\%PowerGrade Help
I:\execwin32.comm\Apps\Demoware\PowerGrade 2.3.5g\Read me first please!
I:\execwin32.comm\Apps\Demoware\PowerGrade 2.3.5g\%Read me first please!
I:\execwin32.comm\Apps\Demoware\PowerGrade 2.3.5g\Sample PowerGrade Class
I:\execwin32.comm\Apps\Demoware\PowerGrade 2.3.5g\%Sample PowerGrade Class
Copying InstallShield engine files to Disk 1...
Building system cabinet file '_sys1.cab'...
Copying uncompressed setup files to Disk 1...
Building user cabinet file '_user1.cab'...
Building cabinet file 'data1.cab'...
Creating disk layout file 'layout.bin'...
Media 'CD-ROM' created successfully.
Build completed successfully at May 12, 1999 5:51:27 PM.
