////////////////////////////////////////////////////////////////////////////////
///////////////////InstallShield Media Library Report Summary///////////////////
////////////////////////////////////////////////////////////////////////////////

Media Name      : CD-ROM
Report Filename : D:\My Installations\Executor Win32\Media\CD-ROM\Report Files\11-11-1999 3.36.45PM.rpt
Date            : 11/11/1999
Time            : 3:36PM

Number of Components:                5 
Number of File Groups:               5 
Number of Files:                   207 
Total Size of Files:         5,332,311 (bytes)

==========
COMPONENTS
==========


     Executor
     CD Enable
         CD vxd
     NT CD Enable
         NT CD Enable Sys


////////////////////////////////////////////////////////////////////////////////
/////////////////////////////////Report Details/////////////////////////////////
////////////////////////////////////////////////////////////////////////////////


================================================================================
                             COMPONENT: "Executor"
================================================================================

SUMMARY:
    Total Files:              203 (files for this component only)
    Source Bytes:       5,285,079 (files for this component only)


                     **** File Group: "executor files" ****


<Directory>: I:\execwin32.comm

    Filename                    Date        Time      Size         Version      
    --------------------------  ----------  --------  -----------  -------------
    hfv16dll.dll                11/06/1997  20:28:18        1,792               
    hfv32.dll                   11/06/1997  20:26:00       26,624               
    makehfv.exe                 08/11/1996  22:12:46      110,108               
    printdef.ini                02/04/1998  10:29:34           89               
    printers.ini                05/05/1998  17:04:08        1,777               
    readme.txt                  03/21/1999  13:58:02        1,175               
    tips.txt                    09/24/1998  16:55:20        2,650               
    exemove.exe                 04/04/1998  20:01:24        4,096               
    executor.exe                11/11/1999  15:32:06    2,318,336               
    stderr.txt                  04/06/1998  12:33:00            0               
    stdout.txt                  04/06/1998  12:32:58            0               
    SDL-dib.dll                 11/03/1999  13:59:54      113,152               
    fees.txt                    03/17/1999  14:15:24          815               
    dirMap-le                   05/04/1998  00:05:22            0               
    SDL-dx5.dll                 09/30/1999  18:36:12      137,728               
    --------------------------  ----------  --------  -----------  -------------
    Count=15                                            2,718,342               


<Directory>: I:\execwin32.comm\Apps\Freeware

    Filename                    Date        Time      Size         Version      
    --------------------------  ----------  --------  -----------  -------------
    About Freeware              12/01/1997  20:25:12          106               
    %About Freeware             04/30/1998  16:44:58          890               
    Risk!                       12/01/1997  17:27:20            0               
    %Risk!                      04/30/1998  16:44:58      266,528               
    --------------------------  ----------  --------  -----------  -------------
    Count=4                                               267,524               


<Directory>: I:\execwin32.comm\Apps\Demoware

    Filename                    Date        Time      Size         Version      
    --------------------------  ----------  --------  -----------  -------------
    About Demoware              10/01/1997  22:01:46          172               
    %About Demoware             04/30/1998  16:44:56          890               
    %MacBreadboard%C4           04/30/1998  16:44:56          198               
    ...xpander%AA 4.0.1 Folder  04/30/1998  16:44:58          198               
    Ultimate Solitaire Demo     12/01/1997  17:26:26            0               
    %Ultimate Solitaire Demo    04/30/1998  16:44:58      222,856               
    --------------------------  ----------  --------  -----------  -------------
    Count=6                                               224,314               


<Directory>: I:\execwin32.comm\Apps\Demoware\MacBreadboard%C4

    Filename                    Date        Time      Size         Version      
    --------------------------  ----------  --------  -----------  -------------
    4-bit Counter               12/01/1997  17:25:40        1,904               
    %4-bit Counter              04/30/1998  16:44:56          198               
    D Flip%2FFlop Demo          12/01/1997  17:25:40        1,528               
    %D Flip%2FFlop Demo         04/30/1998  16:44:56          198               
    Decade Counter              12/01/1997  17:25:40        2,136               
    %Decade Counter             04/30/1998  16:44:56          198               
    MacBreadboard DEMO 1.1      12/01/1997  17:25:44            0               
    %MacBreadboard DEMO 1.1     04/30/1998  16:44:58      408,627               
    --------------------------  ----------  --------  -----------  -------------
    Count=8                                               414,789               


<Directory>: I:\execwin32.comm\Apps\Demoware\StuffIt Expander%AA 4.0.1 Folder

    Filename                    Date        Time      Size         Version      
    --------------------------  ----------  --------  -----------  -------------
    Icon%0D                     10/01/1997  22:01:46            0               
    %Icon%0D                    04/30/1998  16:44:58        3,182               
    %Read Us First!             04/30/1998  16:44:58          198               
    StuffIt Expander%AA         10/01/1997  22:01:46            0               
    %StuffIt Expander%AA        04/30/1998  16:44:58      211,844               
    --------------------------  ----------  --------  -----------  -------------
    Count=5                                               215,224               


<Directory>: I:\execwin32.comm\Apps\Demoware\StuffIt Expander%AA 4.0.1 Folder\Read Us First!

    Filename                    Date        Time      Size         Version      
    --------------------------  ----------  --------  -----------  -------------
    Aladdin Order Form          10/01/1997  22:01:46        3,410               
    %Aladdin Order Form         04/30/1998  16:44:58          844               
    Aladdin Product Overview    10/01/1997  22:01:46        4,546               
    %Aladdin Product Overview   04/30/1998  16:44:58          884               
    Expander Reg. Form          10/01/1997  22:01:46        2,522               
    %Expander Reg. Form         04/30/1998  16:44:58          844               
    Icon%0D                     10/01/1997  22:01:46            0               
    %Icon%0D                    04/30/1998  16:44:58        3,182               
    License Agreement           10/01/1997  22:01:46        2,834               
    %License Agreement          04/30/1998  16:44:58          844               
    ...fIt Expander%AA Read Me  10/01/1997  22:01:46       10,944               
    ...fIt Expander%AA Read Me  04/30/1998  16:44:58          844               
    ...s installed (and where)  10/01/1997  22:01:46          695               
    ...s installed (and where)  04/30/1998  16:44:58        1,228               
    ... in StuffIt Expander%AA  10/01/1997  22:01:46        7,127               
    ... in StuffIt Expander%AA  04/30/1998  16:44:58          844               
    --------------------------  ----------  --------  -----------  -------------
    Count=16                                               41,592               


<Directory>: I:\execwin32.comm\Apps\System Folder

    Filename                    Date        Time      Size         Version      
    --------------------------  ----------  --------  -----------  -------------
    Browser                     10/01/1997  22:01:46            0               
    %Browser                    04/30/1998  16:45:00      119,268               
    %Extensions                 04/30/1998  16:45:00          198               
    godata.sav                  12/01/1997  20:37:10          592               
    %godata.sav                 04/30/1998  16:45:00          198               
    ParamRAM                    10/01/1997  22:01:46           20               
    %ParamRAM                   04/30/1998  16:45:00          198               
    %Preferences                04/30/1998  16:45:00          198               
    Printer                     10/01/1997  18:47:20            0               
    %Printer                    04/30/1998  16:45:00        2,279               
    System                      10/01/1997  23:17:54            0               
    %System                     10/26/1999  10:34:02      453,658               
    system.ard                  10/01/1997  22:01:46            0               
    %system.ard                 04/30/1998  16:45:00          798               
    --------------------------  ----------  --------  -----------  -------------
    Count=14                                              577,407               


<Directory>: I:\execwin32.comm\Apps\Shareware

    Filename                    Date        Time      Size         Version      
    --------------------------  ----------  --------  -----------  -------------
    About Shareware             10/01/1997  22:01:46          394               
    %About Shareware            04/30/1998  16:44:58          890               
    %speedometer3.23 Folder     04/30/1998  16:44:58          198               
    %Tex-Edit                   04/30/1998  16:45:00          198               
    --------------------------  ----------  --------  -----------  -------------
    Count=4                                                 1,680               


<Directory>: I:\execwin32.comm\Apps\Shareware\speedometer3.23 Folder

    Filename                    Date        Time      Size         Version      
    --------------------------  ----------  --------  -----------  -------------
    Speedo 3.21%D1%3E3.23 Doc   12/01/1997  17:27:04        3,037               
    %Speedo 3.21%D1%3E3.23 Doc  04/30/1998  16:44:58          198               
    Speedometer 3.23            12/01/1997  17:27:04            0               
    %Speedometer 3.23           04/30/1998  16:45:00      409,527               
    --------------------------  ----------  --------  -----------  -------------
    Count=4                                               412,762               


<Directory>: I:\execwin32.comm\Apps\Shareware\Tex-Edit

    Filename                    Date        Time      Size         Version      
    --------------------------  ----------  --------  -----------  -------------
    Revision History            10/01/1997  22:01:46        5,518               
    %Revision History           04/30/1998  16:45:00          930               
    Tex-Edit                    10/01/1997  22:01:46            0               
    %Tex-Edit                   04/30/1998  16:45:00      139,311               
    Tex-Edit Prefs              10/01/1997  22:01:46            0               
    %Tex-Edit Prefs             04/30/1998  16:45:00        1,104               
    Tex-Edit Reference          10/01/1997  22:01:46       30,449               
    %Tex-Edit Reference         04/30/1998  16:45:00      107,105               
    Welcome to Tex-Edit!        10/01/1997  22:01:46       13,257               
    %Welcome to Tex-Edit!       04/30/1998  16:45:00       76,715               
    --------------------------  ----------  --------  -----------  -------------
    Count=10                                              374,389               


<Directory>: I:\execwin32.comm\configur

    Filename                    Date        Time      Size         Version      
    --------------------------  ----------  --------  -----------  -------------
    32362e32.ecf                07/24/1996  12:19:42          330               
    3842494d.ecf                07/24/1996  12:19:42          436               
    3f3f3f3f.ecf                07/24/1996  12:19:42          366               
    41443344.ecf                07/24/1996  12:19:42          344               
    414f7163.ecf                07/24/1996  12:19:42          357               
    41525435.ecf                07/24/1996  12:19:42          455               
    41527c46.ecf                07/24/1996  12:19:42          328               
    4154726e.ecf                07/24/1996  12:19:42          343               
    4164426b.ecf                07/24/1996  12:19:42          326               
    41706569.ecf                07/24/1996  12:19:42          339               
    42454132.ecf                07/24/1996  12:19:42          344               
    424f4c4f.ecf                07/24/1996  12:19:42          310               
    426163d5.ecf                07/24/1996  12:19:42          365               
    42646c6d.ecf                07/24/1996  12:19:42          372               
    426e4871.ecf                04/06/1996  22:07:14          315               
    43475246.ecf                07/24/1996  12:19:42          348               
    43504354.ecf                07/24/1996  12:19:42          316               
    4352534c.ecf                07/24/1996  12:19:42          359               
    4354494d.ecf                07/24/1996  12:19:42          370               
    43555341.ecf                07/24/1996  12:19:42          357               
    43574c44.ecf                07/24/1996  12:19:42          361               
    43595153.ecf                07/24/1996  12:19:42          126               
    43764d4d.ecf                07/24/1996  12:19:42          312               
    4444534b.ecf                07/24/1996  12:19:42          357               
    44454c49.ecf                07/24/1996  12:19:42          349               
    44494132.ecf                07/24/1996  12:19:42          227               
    444f4c4c.ecf                07/24/1996  12:19:42          350               
    44576174.ecf                07/24/1996  12:19:42          348               
    44616e47.ecf                07/24/1996  12:19:42          126               
    454a3035.ecf                07/24/1996  12:19:42          312               
    45535041.ecf                07/24/1996  12:19:42          332               
    455544c6.ecf                07/24/1996  12:19:42          280               
    46424420.ecf                07/24/1996  12:19:42          334               
    466c6974.ecf                07/24/1996  12:19:42          338               
    46756e47.ecf                07/24/1996  12:19:42          331               
    47436f6e.ecf                07/24/1996  12:19:42          430               
    474f474f.ecf                09/24/1998  16:50:40          363               
    47534361.ecf                07/24/1996  12:19:42          334               
    47756e53.ecf                07/24/1996  12:19:42          126               
    483444c6.ecf                07/24/1996  12:19:42          362               
    48525630.ecf                07/24/1996  12:19:42          374               
    48525631.ecf                07/24/1996  12:19:42          375               
    48734c61.ecf                07/24/1996  12:19:42          337               
    496d6167.ecf                07/24/1996  12:19:42          343               
    4a4b5445.ecf                07/24/1996  12:19:42          126               
    4a524735.ecf                07/24/1996  12:19:42          343               
    4a70616b.ecf                07/24/1996  12:19:42          323               
    4b705353.ecf                07/24/1996  12:19:42          328               
    4c415a48.ecf                07/24/1996  12:19:42          273               
    4c505243.ecf                07/24/1996  12:19:42          324               
    4d427264.ecf                07/24/1996  12:19:42          364               
    4d4b444e.ecf                07/24/1996  12:19:42          165               
    4d4d4343.ecf                07/24/1996  12:19:42          347               
    4d4d5042.ecf                07/24/1996  12:19:42          363               
    4d504e54.ecf                07/24/1996  12:19:42          265               
    4d535744.ecf                07/24/1996  12:19:42          331               
    4d61656c.ecf                07/24/1996  12:19:42          337               
    4d687a75.ecf                07/24/1996  12:19:42          351               
    4d6f6c54.ecf                07/24/1996  12:19:42          321               
    50217268.ecf                07/24/1996  12:19:42          276               
    50474150.ecf                07/24/1996  12:19:42          336               
    504c5073.ecf                07/24/1996  12:19:42          272               
    504e4331.ecf                07/24/1996  12:19:42          157               
    50505456.ecf                07/24/1996  12:19:42          333               
    50566d74.ecf                07/24/1996  12:19:42          126               
    50674c67.ecf                07/24/1996  12:19:42          364               
    506fc450.ecf                07/24/1996  12:19:42          432               
    50736f64.ecf                07/24/1996  12:19:42          392               
    51444c58.ecf                07/24/1996  12:19:42          331               
    522a6368.ecf                07/24/1996  12:19:42          371               
    52415a5a.ecf                07/24/1996  12:19:42          334               
    5249534b.ecf                07/24/1996  12:19:42          336               
    524a4253.ecf                07/24/1996  12:19:42          175               
    524c4d5a.ecf                07/24/1996  12:19:42          417               
    52565253.ecf                07/24/1996  12:19:42          126               
    526a3031.ecf                07/24/1996  12:19:42          324               
    53414e54.ecf                07/24/1996  12:19:42          329               
    53495421.ecf                07/24/1996  12:19:42          374               
    53495478.ecf                02/16/1999  13:19:00          340               
    534d4c53.ecf                07/24/1996  12:19:42          326               
    53635246.ecf                07/24/1996  12:19:42          373               
    5368537a.ecf                07/24/1996  12:19:42          126               
    53704a4b.ecf                07/24/1996  12:19:42          337               
    53706563.ecf                07/24/1996  12:19:42          324               
    5370696e.ecf                07/24/1996  12:19:42          320               
    54424235.ecf                07/24/1996  12:19:42          338               
    54424236.ecf                07/24/1996  12:19:42          335               
    544b4e4f.ecf                07/24/1996  12:19:42          166               
    54745264.ecf                07/24/1996  12:19:42          165               
    54775231.ecf                07/24/1996  12:19:42          321               
    55505550.ecf                07/24/1996  12:19:42          329               
    556c7433.ecf                07/24/1996  12:19:42          364               
    57435345.ecf                07/24/1996  12:19:42          320               
    574f4c46.ecf                07/24/1996  12:19:42          363               
    57504332.ecf                07/24/1996  12:19:42          323               
    5843454c.ecf                07/24/1996  12:19:42          323               
    58505233.ecf                07/24/1996  12:19:42          362               
    63417244.ecf                07/24/1996  12:19:42          345               
    674f4c46.ecf                07/24/1996  12:19:42          353               
    6c6f6733.ecf                07/24/1996  12:19:42          329               
    6f7a6d35.ecf                07/24/1996  12:19:42          346               
    72647020.ecf                07/24/1996  12:19:42          324               
    72706db5.ecf                07/24/1996  12:19:42          360               
    73506433.ecf                03/17/1999  15:26:20          303               
    a78ea8a0.ecf                07/24/1996  12:19:42          328               
    a7bfc2a2.ecf                07/24/1996  12:19:42          320               
    ac7e5ea0.ecf                07/24/1996  12:19:42          126               
    f5536b69.ecf                07/24/1996  12:19:42          350               
    434c4144.ecf                03/16/1999  14:27:30          276               
    4d917263.ecf                03/26/1999  11:20:22          277               
    57494c44.ecf                10/06/1998  14:26:24          323               
    424f424f.ecf                04/04/1999  17:42:12          208               
    5354775a.ecf                04/07/1999  13:18:38          346               
    45474144.ecf                04/27/1999  12:50:32          381               
    494e5455.ecf                05/11/1999  16:09:02          287               
    41324d68.ecf                05/11/1999  16:25:50          311               
    484c5832.ecf                05/04/1999  16:18:22          335               
    --------------------------  ----------  --------  -----------  -------------
    Count=117                                              37,056               


================================================================================
                             COMPONENT: "CD Enable"
================================================================================

SUMMARY:
    Total Files:                1 (files for this component only)
    Source Bytes:       5,310,679 (files for this component only)


                       **** File Group: "cd Enable" ****


<Directory>: I:\execwin32.comm

    Filename                    Date        Time      Size         Version      
    --------------------------  ----------  --------  -----------  -------------
    cdenable.exe                11/11/1997  03:13:12       25,600               
    --------------------------  ----------  --------  -----------  -------------
    Count=1                                                25,600               


================================================================================
                         COMPONENT: "CD Enable\CD vxd"
================================================================================

SUMMARY:
    Total Files:                1 (files for this component only)
    Source Bytes:       5,321,079 (files for this component only)


                     **** File Group: "CD Enable vxd" ****


<Directory>: I:\execwin32.comm

    Filename                    Date        Time      Size         Version      
    --------------------------  ----------  --------  -----------  -------------
    cdenable.vxd                07/29/1998  02:00:08       10,400               
    --------------------------  ----------  --------  -----------  -------------
    Count=1                                                10,400               


================================================================================
                           COMPONENT: "NT CD Enable"
================================================================================

SUMMARY:
    Total Files:                1 (files for this component only)
    Source Bytes:       5,326,199 (files for this component only)


                      **** File Group: "CD Enable NT" ****


<Directory>: I:\execwin32.comm

    Filename                    Date        Time      Size         Version      
    --------------------------  ----------  --------  -----------  -------------
    cdenablent.exe              11/22/1997  17:34:00        5,120               
    --------------------------  ----------  --------  -----------  -------------
    Count=1                                                 5,120               


================================================================================
                   COMPONENT: "NT CD Enable\NT CD Enable Sys"
================================================================================

SUMMARY:
    Total Files:                1 (files for this component only)
    Source Bytes:       5,332,311 (files for this component only)


                    **** File Group: "CD Enable NT Sys" ****


<Directory>: I:\execwin32.comm

    Filename                    Date        Time      Size         Version      
    --------------------------  ----------  --------  -----------  -------------
    cdenable.sys                11/18/1997  05:05:52        6,112               
    --------------------------  ----------  --------  -----------  -------------
    Count=1                                                 6,112               
