////////////////////////////////////////////////////////////////////////////////
///////////////////InstallShield Media Library Report Summary///////////////////
////////////////////////////////////////////////////////////////////////////////

Media Name      : CD-ROM
Report Filename : D:\My Installations\CDEnable\Media\CD-ROM\Report Files\11-11-1997 7.29.24PM.rpt
Date            : 11/11/1997
Time            : 7:29PM

Number of Components:                2 
Number of File Groups:               0 
Number of Files:                     0 
Total Size of Files:                 0 (bytes)

==========
COMPONENTS
==========


     Program Files
     Shared DLLs


////////////////////////////////////////////////////////////////////////////////
/////////////////////////////////Report Details/////////////////////////////////
////////////////////////////////////////////////////////////////////////////////


================================================================================
                                 COMPONENT: ""
================================================================================

SUMMARY:
    Total Files:                0 (files for this component only)
    Source Bytes:               0 (files for this component only)
