////////////////////////////////////////////////////////////////////////////////
///////////////////InstallShield Media Library Report Summary///////////////////
////////////////////////////////////////////////////////////////////////////////

Media Name      : CD-ROM
Report Filename : D:\My Installations\Executor-Win32 Demo\Media\CD-ROM\Report Files\4-06-1998 7.23.21PM.rpt
Date            : 04/06/1998
Time            : 7:23PM

Number of Components:                5 
Number of File Groups:               5 
Number of Files:                   129 
Total Size of Files:        11,147,702 (bytes)

==========
COMPONENTS
==========


     Executor Component
     CD Enable
         CD vxd
     NT CD Enable
         NT CD sys files


////////////////////////////////////////////////////////////////////////////////
/////////////////////////////////Report Details/////////////////////////////////
////////////////////////////////////////////////////////////////////////////////


================================================================================
                        COMPONENT: "Executor Component"
================================================================================

SUMMARY:
    Total Files:              125 (files for this component only)
    Source Bytes:      11,100,982 (files for this component only)


                     **** File Group: "Executor Files" ****


<Directory>: I:\execwin32.demo

    Filename                    Date        Time      Size         Version      
    --------------------------  ----------  --------  -----------  -------------
    executor.lnk                11/11/1997  19:01:14          308               
    extemp.hfv                  06/10/1997  18:43:12    2,097,152               
    hfv16dll.dll                11/06/1997  20:28:18        1,792               
    hfv32.dll                   11/06/1997  20:26:00       26,624               
    makehfv.exe                 08/11/1996  22:12:46      110,108               
    printdef.ini                10/01/1997  22:32:20           99               
    printers.ini                12/30/1997  11:40:40        2,021               
    readme.txt                  11/24/1997  18:41:22        1,404               
    tips.txt                    01/08/1998  17:02:18        2,584               
    executor.exe                04/06/1998  18:43:42    1,996,288               
    SDL-dx5.dll                 04/04/1998  17:51:24      105,629               
    SDL-dib.dll                 04/04/1998  17:51:24       83,403               
    exsystem.hfv                12/01/1997  21:41:46    6,291,456               
    stdout.txt                  04/06/1998  13:57:20            0               
    stderr.txt                  04/06/1998  13:57:18            0               
    --------------------------  ----------  --------  -----------  -------------
    Count=15                                           10,718,868               


<Directory>: I:\execwin32.demo\configur

    Filename                    Date        Time      Size         Version      
    --------------------------  ----------  --------  -----------  -------------
    32362e32.ecf                10/21/1997  16:21:34          330               
    3842494d.ecf                10/21/1997  16:21:34          436               
    3f3f3f3f.ecf                10/21/1997  16:21:34          366               
    41443344.ecf                10/21/1997  16:21:34          344               
    414f7163.ecf                10/21/1997  16:21:34          357               
    41525435.ecf                10/21/1997  16:21:34          455               
    41527c46.ecf                10/21/1997  16:21:34          328               
    4154726e.ecf                10/21/1997  16:21:34          343               
    4164426b.ecf                10/21/1997  16:21:34          326               
    41706569.ecf                10/21/1997  16:21:34          339               
    42454132.ecf                10/21/1997  16:21:34          344               
    424f4c4f.ecf                10/21/1997  16:21:34          310               
    426163d5.ecf                10/21/1997  16:21:34          365               
    42646c6d.ecf                10/21/1997  16:21:34          372               
    426e4871.ecf                10/21/1997  16:21:34          324               
    43475246.ecf                10/21/1997  16:21:34          348               
    43504354.ecf                10/21/1997  16:21:34          316               
    4352534c.ecf                10/21/1997  16:21:34          359               
    4354494d.ecf                10/21/1997  16:21:34          370               
    43555341.ecf                10/21/1997  16:21:34          357               
    43574c44.ecf                10/21/1997  16:21:34          361               
    43595153.ecf                10/21/1997  16:21:34          126               
    43764d4d.ecf                10/21/1997  16:21:34          312               
    4444534b.ecf                10/21/1997  16:21:34          357               
    44454c49.ecf                10/21/1997  16:21:34          349               
    44494132.ecf                10/21/1997  16:21:34          227               
    444f4c4c.ecf                10/21/1997  16:21:34          350               
    44576174.ecf                10/21/1997  16:21:34          348               
    44616e47.ecf                10/21/1997  16:21:34          126               
    454a3035.ecf                10/21/1997  16:21:34          312               
    45535041.ecf                10/21/1997  16:21:34          332               
    455544c6.ecf                10/21/1997  16:21:34          280               
    46424420.ecf                10/21/1997  16:21:34          334               
    466c6974.ecf                10/21/1997  16:21:34          338               
    46756e47.ecf                10/21/1997  16:21:34          331               
    47436f6e.ecf                10/21/1997  16:21:34          430               
    474f474f.ecf                10/21/1997  16:21:34          340               
    47534361.ecf                10/21/1997  16:21:34          334               
    47756e53.ecf                10/21/1997  16:21:34          126               
    483444c6.ecf                10/21/1997  16:21:34          362               
    48525630.ecf                10/21/1997  16:21:34          374               
    48525631.ecf                10/21/1997  16:21:34          375               
    48734c61.ecf                10/21/1997  16:21:34          337               
    496d6167.ecf                10/21/1997  16:21:34          343               
    4a4b5445.ecf                10/21/1997  16:21:34          126               
    4a524735.ecf                10/21/1997  16:21:34          343               
    4a70616b.ecf                10/21/1997  16:21:34          323               
    4b705353.ecf                10/21/1997  16:21:34          328               
    4c415a48.ecf                10/21/1997  16:21:34          273               
    4c505243.ecf                10/21/1997  16:21:34          324               
    4d427264.ecf                10/21/1997  16:21:34          364               
    4d4b444e.ecf                10/21/1997  16:21:34          165               
    4d4d4343.ecf                10/21/1997  16:21:34          347               
    4d4d5042.ecf                10/21/1997  16:21:34          363               
    4d504e54.ecf                10/21/1997  16:21:34          265               
    4d535744.ecf                10/21/1997  16:21:34          331               
    4d61656c.ecf                10/21/1997  16:21:34          337               
    4d687a75.ecf                10/21/1997  16:21:34          351               
    4d6f6c54.ecf                10/21/1997  16:21:34          321               
    50217268.ecf                10/21/1997  16:21:34          276               
    50474150.ecf                10/21/1997  16:21:34          336               
    504c5073.ecf                10/21/1997  16:21:34          272               
    504e4331.ecf                10/21/1997  16:21:34          157               
    50505456.ecf                10/21/1997  16:21:34          333               
    50566d74.ecf                10/21/1997  16:21:34          126               
    50674c67.ecf                10/21/1997  16:21:34          364               
    506fc450.ecf                10/21/1997  16:21:34          432               
    50736f64.ecf                10/21/1997  16:21:34          392               
    51444c58.ecf                10/21/1997  16:21:34          331               
    522a6368.ecf                10/21/1997  16:21:34          371               
    52415a5a.ecf                10/21/1997  16:21:34          334               
    5249534b.ecf                10/21/1997  16:21:34          336               
    524a4253.ecf                10/21/1997  16:21:34          175               
    524c4d5a.ecf                10/21/1997  16:21:34          417               
    52565253.ecf                10/21/1997  16:21:34          126               
    526a3031.ecf                10/21/1997  16:21:34          324               
    53414e54.ecf                10/21/1997  16:21:34          329               
    53495421.ecf                10/21/1997  16:21:34          374               
    53495478.ecf                10/21/1997  16:21:34          329               
    534d4c53.ecf                10/21/1997  16:21:34          326               
    53635246.ecf                10/21/1997  16:21:34          373               
    5368537a.ecf                10/21/1997  16:21:34          126               
    53704a4b.ecf                10/21/1997  16:21:34          337               
    53706563.ecf                10/21/1997  16:21:34          324               
    5370696e.ecf                10/21/1997  16:21:34          320               
    54424235.ecf                10/21/1997  16:21:34          338               
    54424236.ecf                10/21/1997  16:21:34          335               
    544b4e4f.ecf                10/21/1997  16:21:34          166               
    54745264.ecf                10/21/1997  16:21:36          165               
    54775231.ecf                10/21/1997  16:21:36          321               
    55505550.ecf                10/21/1997  16:21:36          329               
    556c7433.ecf                10/21/1997  16:21:36          364               
    57435345.ecf                10/21/1997  16:21:36          320               
    574f4c46.ecf                10/21/1997  16:21:36          363               
    57504332.ecf                10/21/1997  16:21:36          323               
    5843454c.ecf                10/21/1997  16:21:36          323               
    58505233.ecf                10/21/1997  16:21:36          362               
    63417244.ecf                10/21/1997  16:21:36          345               
    674f4c46.ecf                10/21/1997  16:21:36          353               
    6c6f6733.ecf                10/21/1997  16:21:36          329               
    6f7a6d35.ecf                10/21/1997  16:21:36          346               
    72647020.ecf                10/21/1997  16:21:36          324               
    72706db5.ecf                10/21/1997  16:21:36          360               
    73506433.ecf                10/21/1997  16:21:36          322               
    a78ea8a0.ecf                10/21/1997  16:21:36          328               
    a7bfc2a2.ecf                10/21/1997  16:21:36          320               
    ac7e5ea0.ecf                10/21/1997  16:21:36          126               
    f5536b69.ecf                10/21/1997  16:21:36          350               
    --------------------------  ----------  --------  -----------  -------------
    Count=108                                              34,306               


<Directory>: I:\execwin32.demo\splash

    Filename                    Date        Time      Size         Version      
    --------------------------  ----------  --------  -----------  -------------
    splash.1bp                  08/11/1996  23:12:46       38,488               
    splash.8bp                  09/30/1997  09:52:14      309,320               
    --------------------------  ----------  --------  -----------  -------------
    Count=2                                               347,808               


================================================================================
                             COMPONENT: "CD Enable"
================================================================================

SUMMARY:
    Total Files:                1 (files for this component only)
    Source Bytes:      11,126,582 (files for this component only)


                       **** File Group: "CD Enable" ****


<Directory>: I:\execwin32.demo

    Filename                    Date        Time      Size         Version      
    --------------------------  ----------  --------  -----------  -------------
    cdenable.exe                11/11/1997  03:13:12       25,600               
    --------------------------  ----------  --------  -----------  -------------
    Count=1                                                25,600               


================================================================================
                         COMPONENT: "CD Enable\CD vxd"
================================================================================

SUMMARY:
    Total Files:                1 (files for this component only)
    Source Bytes:      11,136,470 (files for this component only)


                         **** File Group: "CD vxd" ****


<Directory>: I:\execwin32.demo

    Filename                    Date        Time      Size         Version      
    --------------------------  ----------  --------  -----------  -------------
    cdenable.vxd                03/13/1998  00:51:16        9,888               
    --------------------------  ----------  --------  -----------  -------------
    Count=1                                                 9,888               


================================================================================
                           COMPONENT: "NT CD Enable"
================================================================================

SUMMARY:
    Total Files:                1 (files for this component only)
    Source Bytes:      11,141,590 (files for this component only)


                     **** File Group: "cdenableNT exe" ****


<Directory>: I:\execwin32.demo

    Filename                    Date        Time      Size         Version      
    --------------------------  ----------  --------  -----------  -------------
    cdenablent.exe              11/22/1997  17:34:00        5,120               
    --------------------------  ----------  --------  -----------  -------------
    Count=1                                                 5,120               


================================================================================
                   COMPONENT: "NT CD Enable\NT CD sys files"
================================================================================

SUMMARY:
    Total Files:                1 (files for this component only)
    Source Bytes:      11,147,702 (files for this component only)


                     **** File Group: "cdenableNT sys" ****


<Directory>: I:\execwin32.demo

    Filename                    Date        Time      Size         Version      
    --------------------------  ----------  --------  -----------  -------------
    cdenable.sys                11/18/1997  05:05:52        6,112               
    --------------------------  ----------  --------  -----------  -------------
    Count=1                                                 6,112               
